\BOOKMARK [1][-]{section*.1}{Contents}{}% 1
\BOOKMARK [1][-]{section.1}{Package coinor.blimpy}{}% 2
\BOOKMARK [2][-]{subsection.1.1}{Modules}{section.1}% 3
\BOOKMARK [2][-]{subsection.1.2}{Variables}{section.1}% 4
\BOOKMARK [1][-]{section.2}{Module coinor.blimpy.LinkedList'}{}% 5
\BOOKMARK [2][-]{subsection.2.1}{Variables}{section.2}% 6
\BOOKMARK [2][-]{subsection.2.2}{Class LinkedList}{section.2}% 7
\BOOKMARK [3][-]{subsubsection.2.2.1}{Methods}{subsection.2.2}% 8
\BOOKMARK [3][-]{subsubsection.2.2.2}{Properties}{subsection.2.2}% 9
\BOOKMARK [2][-]{subsection.2.3}{Class Node}{section.2}% 10
\BOOKMARK [3][-]{subsubsection.2.3.1}{Methods}{subsection.2.3}% 11
\BOOKMARK [3][-]{subsubsection.2.3.2}{Properties}{subsection.2.3}% 12
\BOOKMARK [1][-]{section.3}{Module coinor.blimpy.Queues}{}% 13
\BOOKMARK [2][-]{subsection.3.1}{Variables}{section.3}% 14
\BOOKMARK [2][-]{subsection.3.2}{Class Queue}{section.3}% 15
\BOOKMARK [3][-]{subsubsection.3.2.1}{Methods}{subsection.3.2}% 16
\BOOKMARK [3][-]{subsubsection.3.2.2}{Properties}{subsection.3.2}% 17
\BOOKMARK [2][-]{subsection.3.3}{Class PriorityQueue}{section.3}% 18
\BOOKMARK [3][-]{subsubsection.3.3.1}{Methods}{subsection.3.3}% 19
\BOOKMARK [3][-]{subsubsection.3.3.2}{Properties}{subsection.3.3}% 20
\BOOKMARK [1][-]{section.4}{Module coinor.blimpy.Stack'}{}% 21
\BOOKMARK [2][-]{subsection.4.1}{Variables}{section.4}% 22
\BOOKMARK [2][-]{subsection.4.2}{Class Stack}{section.4}% 23
\BOOKMARK [3][-]{subsubsection.4.2.1}{Methods}{subsection.4.2}% 24
\BOOKMARK [3][-]{subsubsection.4.2.2}{Properties}{subsection.4.2}% 25
\BOOKMARK [1][-]{section*.2}{Index}{}% 26
